$ next dev --turbopack --turbopack
 ⚠ Port 3000 is in use by an unknown process, using available port 3003 instead.
   ▲ Next.js 15.4.10 (Turbopack)
   - Local:        http://localhost:3003
   - Network:      http://10.14.249.134:3003

 ✓ Starting...
 ✓ Ready in 4.4s
 ○ Compiling / ...
 ✓ Compiled / in 13.2s
 GET / 200 in 15013ms
 GET / 200 in 451ms
 ○ Compiling /about ...
 ✓ Compiled /about in 6.5s
 GET /about 200 in 7447ms
 ○ Compiling /favicon.ico ...
 ✓ Compiled /favicon.ico in 1688ms
 GET /favicon.ico?favicon.45db1c09.ico 200 in 2624ms
 ✓ Compiled in 1712ms
 ✓ Compiled in 1255ms
 ✓ Compiled in 993ms
 ✓ Compiled in 1012ms
 ✓ Compiled in 912ms
 ✓ Compiled in 1656ms
 ✓ Compiled in 1130ms
 ✓ Compiled in 564ms
 ✓ Compiled in 1638ms
 ✓ Compiled in 830ms
 ✓ Compiled in 562ms
 ✓ Compiled in 526ms
 ✓ Compiled in 512ms
 ✓ Compiled in 1956ms
 ✓ Compiled in 1751ms
 ✓ Compiled in 1025ms
 ✓ Compiled in 770ms
error: script "dev" was terminated by signal SIGHUP (Terminal hung up)
